{
  "Cucumber Features": {
    "coverage": {
      "/workspace/CS169/hw-acceptance-unit-test-cycle/rottenpotatoes/app/models/movie.rb": [
        1,
        1,
        21,
        null,
        null,
        1,
        2,
        2,
        2,
        1,
        null,
        1,
        null,
        2,
        null,
        null
      ],
      "/workspace/CS169/hw-acceptance-unit-test-cycle/rottenpotatoes/app/controllers/movies_controller.rb": [
        1,
        null,
        1,
        1,
        null,
        null,
        1,
        4,
        4,
        null,
        null,
        null,
        1,
        21,
        21,
        null,
        4,
        null,
        4,
        null,
        21,
        21,
        null,
        21,
        30,
        null,
        null,
        21,
        8,
        8,
        8,
        null,
        13,
        null,
        null,
        1,
        null,
        null,
        null,
        1,
        0,
        0,
        0,
        null,
        null,
        1,
        1,
        null,
        null,
        1,
        1,
        1,
        1,
        1,
        null,
        null,
        1,
        0,
        0,
        0,
        0,
        null,
        null,
        1,
        2,
        2,
        2,
        1,
        1,
        null,
        null,
        null
      ],
      "/workspace/CS169/hw-acceptance-unit-test-cycle/rottenpotatoes/app/controllers/application_controller.rb": [
        1,
        1,
        null
      ],
      "/workspace/CS169/hw-acceptance-unit-test-cycle/rottenpotatoes/app/helpers/application_helper.rb": [
        1,
        null
      ],
      "/workspace/CS169/hw-acceptance-unit-test-cycle/rottenpotatoes/app/helpers/movies_helper.rb": [
        1,
        null,
        1,
        0,
        null,
        null
      ]
    },
    "timestamp": 1519648257
  },
  "RSpec": {
    "coverage": {
      "/workspace/CS169/hw-acceptance-unit-test-cycle/rottenpotatoes/app/helpers/application_helper.rb": [
        1,
        null
      ],
      "/workspace/CS169/hw-acceptance-unit-test-cycle/rottenpotatoes/app/helpers/movies_helper.rb": [
        1,
        null,
        1,
        0,
        null,
        null
      ],
      "/workspace/CS169/hw-acceptance-unit-test-cycle/rottenpotatoes/app/controllers/movies_controller.rb": [
        1,
        null,
        1,
        1,
        null,
        null,
        1,
        0,
        0,
        null,
        null,
        null,
        1,
        3,
        3,
        null,
        1,
        null,
        1,
        null,
        3,
        3,
        null,
        3,
        18,
        null,
        null,
        3,
        2,
        2,
        2,
        null,
        1,
        null,
        null,
        1,
        null,
        null,
        null,
        1,
        1,
        1,
        1,
        null,
        null,
        1,
        1,
        null,
        null,
        1,
        0,
        0,
        0,
        0,
        null,
        null,
        1,
        1,
        1,
        1,
        1,
        null,
        null,
        1,
        4,
        4,
        4,
        1,
        1,
        null,
        null,
        null
      ],
      "/workspace/CS169/hw-acceptance-unit-test-cycle/rottenpotatoes/app/controllers/application_controller.rb": [
        1,
        1,
        null
      ],
      "/workspace/CS169/hw-acceptance-unit-test-cycle/rottenpotatoes/app/models/movie.rb": [
        1,
        1,
        3,
        null,
        null,
        1,
        3,
        3,
        3,
        2,
        null,
        1,
        null,
        3,
        null,
        null
      ]
    },
    "timestamp": 1519646826
  }
}
